This is pdfTeX, Version 3.1415926-2.5-1.40.14 (MiKTeX 2.9 64-bit) (preloaded format=pdflatex 2014.11.5)  7 JUN 2016 17:14
entering extended mode
**Term*Paper.tex
("C:\Users\Joseph\Documents\Math 336\Term Paper\Term Paper.tex"
LaTeX2e <2011/06/27>
Babel <v3.8m> and hyphenation patterns for english, afrikaans, ancientgreek, ar
abic, armenian, assamese, basque, bengali, bokmal, bulgarian, catalan, coptic, 
croatian, czech, danish, dutch, esperanto, estonian, farsi, finnish, french, ga
lician, german, german-x-2013-05-26, greek, gujarati, hindi, hungarian, iceland
ic, indonesian, interlingua, irish, italian, kannada, kurmanji, latin, latvian,
 lithuanian, malayalam, marathi, mongolian, mongolianlmc, monogreek, ngerman, n
german-x-2013-05-26, nynorsk, oriya, panjabi, pinyin, polish, portuguese, roman
ian, russian, sanskrit, serbian, slovak, slovenian, spanish, swedish, swissgerm
an, tamil, telugu, turkish, turkmen, ukenglish, ukrainian, uppersorbian, usengl
ishmax, welsh, loaded.
("C:\MiKTeX 2.9\tex\latex\base\article.cls"
Document Class: article 2007/10/19 v1.4h Standard LaTeX document class
("C:\MiKTeX 2.9\tex\latex\base\size10.clo"
File: size10.clo 2007/10/19 v1.4h Standard LaTeX file (size option)
)
\c@part=\count79
\c@section=\count80
\c@subsection=\count81
\c@subsubsection=\count82
\c@paragraph=\count83
\c@subparagraph=\count84
\c@figure=\count85
\c@table=\count86
\abovecaptionskip=\skip41
\belowcaptionskip=\skip42
\bibindent=\dimen102
)
("C:\MiKTeX 2.9\tex\latex\siunitx\siunitx.sty"
("C:\MiKTeX 2.9\tex\latex\l3kernel\expl3.sty"
("C:\MiKTeX 2.9\tex\latex\l3kernel\l3names.sty"
("C:\MiKTeX 2.9\tex\latex\l3kernel\l3bootstrap.sty"
Package: l3bootstrap 2014/01/04 v4640 L3 Experimental bootstrap code
)
Package: l3names 2014/01/04 v4640 L3 Namespace for primitives
)
("C:\MiKTeX 2.9\tex\latex\misc\etex.sty"
Package: etex 1998/03/26 v2.0 eTeX basic definition package (PEB)
\et@xins=\count87
)
Package: expl3 2014/01/07 v4646 L3 Experimental code bundle wrapper

("C:\MiKTeX 2.9\tex\latex\l3kernel\l3basics.sty"
Package: l3basics 2014/01/04 v4642 L3 Basic definitions
)
("C:\MiKTeX 2.9\tex\latex\l3kernel\l3expan.sty"
Package: l3expan 2014/01/04 v4642 L3 Argument expansion
)
("C:\MiKTeX 2.9\tex\latex\l3kernel\l3tl.sty"
Package: l3tl 2013/12/27 v4625 L3 Token lists
)
("C:\MiKTeX 2.9\tex\latex\l3kernel\l3seq.sty"
Package: l3seq 2013/12/14 v4623 L3 Sequences and stacks
)
("C:\MiKTeX 2.9\tex\latex\l3kernel\l3int.sty"
Package: l3int 2013/08/02 v4583 L3 Integers
\c_max_int=\count88
\l_tmpa_int=\count89
\l_tmpb_int=\count90
\g_tmpa_int=\count91
\g_tmpb_int=\count92
)
("C:\MiKTeX 2.9\tex\latex\l3kernel\l3quark.sty"
Package: l3quark 2013/12/14 v4623 L3 Quarks
)
("C:\MiKTeX 2.9\tex\latex\l3kernel\l3prg.sty"
Package: l3prg 2014/01/04 v4642 L3 Control structures
\g__prg_map_int=\count93
)
("C:\MiKTeX 2.9\tex\latex\l3kernel\l3clist.sty"
Package: l3clist 2013/07/28 v4581 L3 Comma separated lists
)
("C:\MiKTeX 2.9\tex\latex\l3kernel\l3token.sty"
Package: l3token 2013/08/25 v4587 L3 Experimental token manipulation
)
("C:\MiKTeX 2.9\tex\latex\l3kernel\l3prop.sty"
Package: l3prop 2013/12/14 v4623 L3 Property lists
)
("C:\MiKTeX 2.9\tex\latex\l3kernel\l3msg.sty"
Package: l3msg 2013/07/28 v4581 L3 Messages
)
("C:\MiKTeX 2.9\tex\latex\l3kernel\l3file.sty"
Package: l3file 2013/10/13 v4596 L3 File and I/O operations
\l_iow_line_count_int=\count94
\l__iow_target_count_int=\count95
\l__iow_current_line_int=\count96
\l__iow_current_word_int=\count97
\l__iow_current_indentation_int=\count98
)
("C:\MiKTeX 2.9\tex\latex\l3kernel\l3skip.sty"
Package: l3skip 2013/07/28 v4581 L3 Dimensions and skips
\c_zero_dim=\dimen103
\c_max_dim=\dimen104
\l_tmpa_dim=\dimen105
\l_tmpb_dim=\dimen106
\g_tmpa_dim=\dimen107
\g_tmpb_dim=\dimen108
\c_zero_skip=\skip43
\c_max_skip=\skip44
\l_tmpa_skip=\skip45
\l_tmpb_skip=\skip46
\g_tmpa_skip=\skip47
\g_tmpb_skip=\skip48
\c_zero_muskip=\muskip10
\c_max_muskip=\muskip11
\l_tmpa_muskip=\muskip12
\l_tmpb_muskip=\muskip13
\g_tmpa_muskip=\muskip14
\g_tmpb_muskip=\muskip15
)
("C:\MiKTeX 2.9\tex\latex\l3kernel\l3keys.sty"
Package: l3keys 2013/12/08 v4614 L3 Experimental key-value interfaces
\g__keyval_level_int=\count99
\l_keys_choice_int=\count100
)
("C:\MiKTeX 2.9\tex\latex\l3kernel\l3fp.sty"
Package: l3fp 2014/01/04 v4642 L3 Floating points
\c__fp_leading_shift_int=\count101
\c__fp_middle_shift_int=\count102
\c__fp_trailing_shift_int=\count103
\c__fp_big_leading_shift_int=\count104
\c__fp_big_middle_shift_int=\count105
\c__fp_big_trailing_shift_int=\count106
\c__fp_Bigg_leading_shift_int=\count107
\c__fp_Bigg_middle_shift_int=\count108
\c__fp_Bigg_trailing_shift_int=\count109
)
("C:\MiKTeX 2.9\tex\latex\l3kernel\l3box.sty"
Package: l3box 2013/07/28 v4581 L3 Experimental boxes
\c_empty_box=\box26
\l_tmpa_box=\box27
\l_tmpb_box=\box28
\g_tmpa_box=\box29
\g_tmpb_box=\box30
)
("C:\MiKTeX 2.9\tex\latex\l3kernel\l3coffins.sty"
Package: l3coffins 2013/12/14 v4624 L3 Coffin code layer
\l__coffin_internal_box=\box31
\l__coffin_internal_dim=\dimen109
\l__coffin_offset_x_dim=\dimen110
\l__coffin_offset_y_dim=\dimen111
\l__coffin_x_dim=\dimen112
\l__coffin_y_dim=\dimen113
\l__coffin_x_prime_dim=\dimen114
\l__coffin_y_prime_dim=\dimen115
\c_empty_coffin=\box32
\l__coffin_aligned_coffin=\box33
\l__coffin_aligned_internal_coffin=\box34
\l_tmpa_coffin=\box35
\l_tmpb_coffin=\box36
\l__coffin_display_coffin=\box37
\l__coffin_display_coord_coffin=\box38
\l__coffin_display_pole_coffin=\box39
\l__coffin_display_offset_dim=\dimen116
\l__coffin_display_x_dim=\dimen117
\l__coffin_display_y_dim=\dimen118
)
("C:\MiKTeX 2.9\tex\latex\l3kernel\l3color.sty"
Package: l3color 2012/08/29 v4156 L3 Experimental color support
)
("C:\MiKTeX 2.9\tex\latex\l3kernel\l3luatex.sty"
Package: l3luatex 2013/07/28 v4581 L3 Experimental LuaTeX-specific functions
\g__cctab_allocate_int=\count110
\g__cctab_stack_int=\count111
)
("C:\MiKTeX 2.9\tex\latex\l3kernel\l3candidates.sty"
Package: l3candidates 2014/01/06 v4643 L3 Experimental additions to l3kernel
\l__box_top_dim=\dimen119
\l__box_bottom_dim=\dimen120
\l__box_left_dim=\dimen121
\l__box_right_dim=\dimen122
\l__box_top_new_dim=\dimen123
\l__box_bottom_new_dim=\dimen124
\l__box_left_new_dim=\dimen125
\l__box_right_new_dim=\dimen126
\l__box_internal_box=\box40
\l__coffin_bounding_shift_dim=\dimen127
\l__coffin_left_corner_dim=\dimen128
\l__coffin_right_corner_dim=\dimen129
\l__coffin_bottom_corner_dim=\dimen130
\l__coffin_top_corner_dim=\dimen131
\l__coffin_scaled_total_height_dim=\dimen132
\l__coffin_scaled_width_dim=\dimen133
)
("C:\MiKTeX 2.9\tex\generic\oberdiek\ifpdf.sty"
Package: ifpdf 2011/01/30 v2.3 Provides the ifpdf switch (HO)
Package ifpdf Info: pdfTeX in PDF mode is detected.
))
("C:\MiKTeX 2.9\tex\latex\l3packages\xparse\xparse.sty"
Package: xparse 2013/12/31 v4634 L3 Experimental document command parser
\l__xparse_current_arg_int=\count112
\l__xparse_m_args_int=\count113
\l__xparse_mandatory_args_int=\count114
\l__xparse_processor_int=\count115
\l__xparse_v_nesting_int=\count116
)
Package: siunitx 2013/07/31 v2.5s A comprehensive (SI) units package

("C:\MiKTeX 2.9\tex\latex\amsmath\amstext.sty"
Package: amstext 2000/06/29 v2.01

("C:\MiKTeX 2.9\tex\latex\amsmath\amsgen.sty"
File: amsgen.sty 1999/11/30 v2.0
\@emptytoks=\toks14
\ex@=\dimen134
))
("C:\MiKTeX 2.9\tex\latex\tools\array.sty"
Package: array 2008/09/09 v2.4c Tabular extension package (FMi)
\col@sep=\dimen135
\extrarowheight=\dimen136
\NC@list=\toks15
\extratabsurround=\skip49
\backup@length=\skip50
)
("C:\MiKTeX 2.9\tex\latex\l3packages\l3keys2e\l3keys2e.sty"
Package: l3keys2e 2013/12/31 v4634 LaTeX2e option processing using LaTeX3 keys
)
Variant \tl_if_blank:VTF already defined; not changing it on line 50
\l__siunitx_tmp_box=\box41
\l__siunitx_tmp_dim=\dimen137
\l__siunitx_tmp_int=\count117
Variant \prop_get:NVNT already defined; not changing it on line 371
Variant \prop_get:NVNF already defined; not changing it on line 372
Variant \prop_get:NVNTF already defined; not changing it on line 373
\l__siunitx_number_mantissa_length_int=\count118
\l__siunitx_number_uncert_length_int=\count119
\l__siunitx_round_int=\count120
\l__siunitx_process_decimal_int=\count121
\l__siunitx_process_uncertainty_int=\count122
\l__siunitx_process_fixed_int=\count123
\l__siunitx_process_integer_min_int=\count124
\l__siunitx_process_precision_int=\count125
\l__siunitx_group_min_int=\count126
\l__siunitx_angle_marker_box=\box42
\l__siunitx_angle_unit_box=\box43
\l__siunitx_angle_marker_dim=\dimen138
\l__siunitx_angle_unit_dim=\dimen139
\l__siunitx_unit_int=\count127
\l__siunitx_unit_denominator_int=\count128
\l__siunitx_unit_numerator_int=\count129
\l__siunitx_unit_prefix_int=\count130
\l__siunitx_unit_prefix_base_int=\count131
\l__siunitx_unit_prefix_gram_int=\count132
\l__siunitx_number_product_int=\count133
\c__siunitx_one_fill_skip=\skip51
\l__siunitx_table_unit_align_skip=\skip52
\l__siunitx_table_exponent_dim=\dimen140
\l__siunitx_table_integer_dim=\dimen141
\l__siunitx_table_mantissa_dim=\dimen142
\l__siunitx_table_marker_dim=\dimen143
\l__siunitx_table_result_dim=\dimen144
\l__siunitx_table_uncert_dim=\dimen145
\l__siunitx_table_fill_pre_dim=\dimen146
\l__siunitx_table_fill_post_dim=\dimen147
\l__siunitx_table_fill_mid_dim=\dimen148
\l__siunitx_table_pre_box=\box44
\l__siunitx_table_post_box=\box45
\l__siunitx_table_mantissa_box=\box46
\l__siunitx_table_result_box=\box47
\l__siunitx_table_number_align_skip=\skip53
\l__siunitx_table_text_align_skip=\skip54
.................................................
. LaTeX info: "xparse/define-command"
. 
. Defining document command \DeclareBinaryPrefix with arg. spec. 'mmm' on line
. 7101.
.................................................
.................................................
. LaTeX info: "xparse/define-command"
. 
. Defining document command \DeclareSIPostPower with arg. spec. 'mm' on line
. 7104.
.................................................
.................................................
. LaTeX info: "xparse/define-command"
. 
. Defining document command \DeclareSIPrefix with arg. spec. 'mmm' on line
. 7107.
.................................................
.................................................
. LaTeX info: "xparse/define-command"
. 
. Defining document command \DeclareSIPrePower with arg. spec. 'mm' on line
. 7110.
.................................................
.................................................
. LaTeX info: "xparse/define-command"
. 
. Defining document command \DeclareSIQualifier with arg. spec. 'mm' on line
. 7113.
.................................................
.................................................
. LaTeX info: "xparse/define-command"
. 
. Defining document command \DeclareSIUnit with arg. spec. 'O{}mm' on line
. 7116.
.................................................
.................................................
. LaTeX info: "xparse/define-command"
. 
. Defining document command \DeclareSIUnitWithOptions with arg. spec. 'mmm' on
. line 7119.
.................................................
.................................................
. LaTeX info: "xparse/define-command"
. 
. Defining document command \ang with arg. spec. 'o>{\SplitArgument {2}{;}}m'
. on line 7134.
.................................................
.................................................
. LaTeX info: "xparse/define-command"
. 
. Defining document command \num with arg. spec. 'om' on line 7142.
.................................................
.................................................
. LaTeX info: "xparse/define-command"
. 
. Defining document command \numlist with arg. spec. 'o>{\SplitList {;}}m' on
. line 7150.
.................................................
.................................................
. LaTeX info: "xparse/define-command"
. 
. Defining document command \numrange with arg. spec. 'omm' on line 7158.
.................................................
.................................................
. LaTeX info: "xparse/define-command"
. 
. Defining document command \SIlist with arg. spec. 'o>{\SplitList {;}}mm' on
. line 7169.
.................................................
.................................................
. LaTeX info: "xparse/define-command"
. 
. Defining document command \SIrange with arg. spec. 'ommm' on line 7180.
.................................................
.................................................
. LaTeX info: "xparse/define-command"
. 
. Defining document command \SI with arg. spec. 'omom' on line 7191.
.................................................
.................................................
. LaTeX info: "xparse/define-command"
. 
. Defining document command \sisetup with arg. spec. 'm' on line 7194.
.................................................
.................................................
. LaTeX info: "xparse/define-command"
. 
. Defining document command \tablenum with arg. spec. 'om' on line 7206.
.................................................
.................................................
. LaTeX info: "xparse/define-command"
. 
. Defining document command \si with arg. spec. 'om' on line 7217.
.................................................
.................................................
. LaTeX info: "xparse/define-command"
. 
. Defining document command \__siunitx_bookmark_num:w with arg. spec. 'om' on
. line 7262.
.................................................
.................................................
. LaTeX info: "xparse/define-command"
. 
. Defining document command \__siunitx_bookmark_numrange:w with arg. spec.
. 'omm' on line 7264.
.................................................
.................................................
. LaTeX info: "xparse/define-command"
. 
. Defining document command \__siunitx_bookmark_SI:w with arg. spec. 'omom' on
. line 7266.
.................................................
.................................................
. LaTeX info: "xparse/define-command"
. 
. Defining document command \__siunitx_bookmark_SIlist:w with arg. spec. 'omm'
. on line 7268.
.................................................
.................................................
. LaTeX info: "xparse/define-command"
. 
. Defining document command \__siunitx_bookmark_SIrange:w with arg. spec.
. 'ommm' on line 7270.
.................................................
.................................................
. LaTeX info: "xparse/define-command"
. 
. Defining document command \__siunitx_bookmark_si:w with arg. spec. 'om' on
. line 7271.
.................................................
\g__file_internal_ior=\read1

("C:\MiKTeX 2.9\tex\latex\beamer\base\translator\translator.sty"
Package: translator 2010/06/12 ver 1.10

("C:\MiKTeX 2.9\tex\latex\graphics\keyval.sty"
Package: keyval 1999/03/16 v1.13 key=value parser (DPC)
\KV@toks@=\toks16
)
("C:\MiKTeX 2.9\tex\latex\beamer\base\translator\translator-language-mappings.t
ex"))) ("C:\MiKTeX 2.9\tex\latex\amsmath\amsmath.sty"
Package: amsmath 2013/01/14 v2.14 AMS math features
\@mathmargin=\skip55

For additional information on amsmath, use the `?' option.
("C:\MiKTeX 2.9\tex\latex\amsmath\amsbsy.sty"
Package: amsbsy 1999/11/29 v1.2d
\pmbraise@=\dimen149
)
("C:\MiKTeX 2.9\tex\latex\amsmath\amsopn.sty"
Package: amsopn 1999/12/14 v2.01 operator names
)
\inf@bad=\count134
LaTeX Info: Redefining \frac on input line 210.
\uproot@=\count135
\leftroot@=\count136
LaTeX Info: Redefining \overline on input line 306.
\classnum@=\count137
\DOTSCASE@=\count138
LaTeX Info: Redefining \ldots on input line 378.
LaTeX Info: Redefining \dots on input line 381.
LaTeX Info: Redefining \cdots on input line 466.
\Mathstrutbox@=\box48
\strutbox@=\box49
\big@size=\dimen150
LaTeX Font Info:    Redeclaring font encoding OML on input line 566.
LaTeX Font Info:    Redeclaring font encoding OMS on input line 567.
\macc@depth=\count139
\c@MaxMatrixCols=\count140
\dotsspace@=\muskip16
\c@parentequation=\count141
\dspbrk@lvl=\count142
\tag@help=\toks17
\row@=\count143
\column@=\count144
\maxfields@=\count145
\andhelp@=\toks18
\eqnshift@=\dimen151
\alignsep@=\dimen152
\tagshift@=\dimen153
\tagwidth@=\dimen154
\totwidth@=\dimen155
\lineht@=\dimen156
\@envbody=\toks19
\multlinegap=\skip56
\multlinetaggap=\skip57
\mathdisplay@stack=\toks20
LaTeX Info: Redefining \[ on input line 2665.
LaTeX Info: Redefining \] on input line 2666.
)
("C:\MiKTeX 2.9\tex\latex\amsfonts\amssymb.sty"
Package: amssymb 2013/01/14 v3.01 AMS font symbols

("C:\MiKTeX 2.9\tex\latex\amsfonts\amsfonts.sty"
Package: amsfonts 2013/01/14 v3.01 Basic AMSFonts support
\symAMSa=\mathgroup4
\symAMSb=\mathgroup5
LaTeX Font Info:    Overwriting math alphabet `\mathfrak' in version `bold'
(Font)                  U/euf/m/n --> U/euf/b/n on input line 106.
))
("C:\MiKTeX 2.9\tex\latex\wasysym\wasysym.sty"
Package: wasysym 2003/10/30 v2.0 Wasy-2 symbol support package
\symwasy=\mathgroup6
LaTeX Font Info:    Overwriting symbol font `wasy' in version `bold'
(Font)                  U/wasy/m/n --> U/wasy/b/n on input line 90.
)
("C:\MiKTeX 2.9\tex\latex\graphics\graphicx.sty"
Package: graphicx 1999/02/16 v1.0f Enhanced LaTeX Graphics (DPC,SPQR)

("C:\MiKTeX 2.9\tex\latex\graphics\graphics.sty"
Package: graphics 2009/02/05 v1.0o Standard LaTeX Graphics (DPC,SPQR)

("C:\MiKTeX 2.9\tex\latex\graphics\trig.sty"
Package: trig 1999/03/16 v1.09 sin cos tan (DPC)
)
("C:\MiKTeX 2.9\tex\latex\00miktex\graphics.cfg"
File: graphics.cfg 2007/01/18 v1.5 graphics configuration of teTeX/TeXLive
)
Package graphics Info: Driver file: pdftex.def on input line 91.

("C:\MiKTeX 2.9\tex\latex\pdftex-def\pdftex.def"
File: pdftex.def 2011/05/27 v0.06d Graphics/color for pdfTeX

("C:\MiKTeX 2.9\tex\generic\oberdiek\infwarerr.sty"
Package: infwarerr 2010/04/08 v1.3 Providing info/warning/error messages (HO)
)
("C:\MiKTeX 2.9\tex\generic\oberdiek\ltxcmds.sty"
Package: ltxcmds 2011/11/09 v1.22 LaTeX kernel commands for general use (HO)
)
\Gread@gobject=\count146
))
\Gin@req@height=\dimen157
\Gin@req@width=\dimen158
)
("C:\MiKTeX 2.9\tex\latex\wrapfig\wrapfig.sty"
\wrapoverhang=\dimen159
\WF@size=\dimen160
\c@WF@wrappedlines=\count147
\WF@box=\box50
\WF@everypar=\toks21
Package: wrapfig 2003/01/31  v 3.6
)
("C:\MiKTeX 2.9\tex\latex\algorithms\algorithm.sty"
Package: algorithm 2009/08/24 v0.1 Document Style `algorithm' - floating enviro
nment

("C:\MiKTeX 2.9\tex\latex\float\float.sty"
Package: float 2001/11/08 v1.3d Float enhancements (AL)
\c@float@type=\count148
\float@exts=\toks22
\float@box=\box51
\@float@everytoks=\toks23
\@floatcapt=\box52
)
("C:\MiKTeX 2.9\tex\latex\base\ifthen.sty"
Package: ifthen 2001/05/26 v1.1c Standard LaTeX ifthen package (DPC)
)
\@float@every@algorithm=\toks24
\c@algorithm=\count149
)
("C:\MiKTeX 2.9\tex\latex\base\fontenc.sty"
Package: fontenc 2005/09/27 v1.99g Standard LaTeX package

("C:\MiKTeX 2.9\tex\latex\base\t1enc.def"
File: t1enc.def 2005/09/27 v1.99g Standard LaTeX file
LaTeX Font Info:    Redeclaring font encoding T1 on input line 43.
))
("C:\MiKTeX 2.9\tex\latex\base\inputenc.sty"
Package: inputenc 2008/03/30 v1.1d Input encoding file
\inpenc@prehook=\toks25
\inpenc@posthook=\toks26

("C:\MiKTeX 2.9\tex\latex\base\latin9.def"
File: latin9.def 2008/03/30 v1.1d Input encoding file
))
("C:\MiKTeX 2.9\tex\latex\amscls\amsthm.sty"
Package: amsthm 2004/08/06 v2.20
\thm@style=\toks27
\thm@bodyfont=\toks28
\thm@headfont=\toks29
\thm@notefont=\toks30
\thm@headpunct=\toks31
\thm@preskip=\skip58
\thm@postskip=\skip59
\thm@headsep=\skip60
\dth@everypar=\toks32
LaTeX Info: Redefining \qed on input line 283.
)
("C:\MiKTeX 2.9\tex\latex\geometry\geometry.sty"
Package: geometry 2010/09/12 v5.6 Page Geometry

("C:\MiKTeX 2.9\tex\generic\oberdiek\ifvtex.sty"
Package: ifvtex 2010/03/01 v1.5 Detect VTeX and its facilities (HO)
Package ifvtex Info: VTeX not detected.
)
("C:\MiKTeX 2.9\tex\generic\ifxetex\ifxetex.sty"
Package: ifxetex 2010/09/12 v0.6 Provides ifxetex conditional
)
\Gm@cnth=\count150
\Gm@cntv=\count151
\c@Gm@tempcnt=\count152
\Gm@bindingoffset=\dimen161
\Gm@wd@mp=\dimen162
\Gm@odd@mp=\dimen163
\Gm@even@mp=\dimen164
\Gm@layoutwidth=\dimen165
\Gm@layoutheight=\dimen166
\Gm@layouthoffset=\dimen167
\Gm@layoutvoffset=\dimen168
\Gm@dimlist=\toks33

("C:\MiKTeX 2.9\tex\latex\geometry\geometry.cfg"))
("C:\MiKTeX 2.9\tex\generic\xypic\xy.sty"
("C:\MiKTeX 2.9\tex\generic\xypic\xy.tex" Bootstrap'ing: catcodes, docmode,
("C:\MiKTeX 2.9\tex\generic\xypic\xyrecat.tex")
("C:\MiKTeX 2.9\tex\generic\xypic\xyidioms.tex")

 Xy-pic version 3.8.9 <2013/10/06>
 Copyright (c) 1991-2013 by Kristoffer H. Rose <krisrose@tug.org> and others
 Xy-pic is free software: see the User's Guide for details.

Loading kernel: messages; fonts; allocations: state,
\X@c=\dimen169
\Y@c=\dimen170
\U@c=\dimen171
\D@c=\dimen172
\L@c=\dimen173
\R@c=\dimen174
\Edge@c=\toks34
\X@p=\dimen175
\Y@p=\dimen176
\U@p=\dimen177
\D@p=\dimen178
\L@p=\dimen179
\R@p=\dimen180
\Edge@p=\toks35
\X@origin=\dimen181
\Y@origin=\dimen182
\X@xbase=\dimen183
\Y@xbase=\dimen184
\X@ybase=\dimen185
\Y@ybase=\dimen186
\X@min=\dimen187
\Y@min=\dimen188
\X@max=\dimen189
\Y@max=\dimen190
\lastobjectbox@=\box53
\zerodotbox@=\box54
\almostz@=\dimen191
 direction,
\d@X=\dimen192
\d@Y=\dimen193
\K@=\count153
\KK@=\count154
\Direction=\count155
\K@dXdY=\dimen194
\K@dYdX=\dimen195
\xyread@=\read2
\xywrite@=\write3
\csp@=\count156
\quotPTK@=\dimen196

utility macros; pictures: \xy, positions,
\swaptoks@@=\toks36
\connectobjectbox@@=\box55
 objects,
\styletoks@=\toks37
 decorations;
kernel objects: directionals, circles, text; options; algorithms: directions,
edges, connections;  Xy-pic loaded)
Package: xy 2013/10/06 Xy-pic version 3.8.9
 ("C:\MiKTeX 2.9\tex\generic\xypic\xyall.tex"  Xy-pic option: All features v.3.
8
("C:\MiKTeX 2.9\tex\generic\xypic\xycurve.tex"
 Xy-pic option: Curve and Spline extension v.3.12 curve,
\crv@cnt@=\count157
\crvpts@=\toks38
\splinebox@=\box56
\splineval@=\dimen197
\splinedepth@=\dimen198
\splinetol@=\dimen199
\splinelength@=\dimen200
 circles,
\L@=\dimen201
 loaded)
("C:\MiKTeX 2.9\tex\generic\xypic\xyframe.tex"
 Xy-pic option: Frame and Bracket extension v.3.14 loaded)
("C:\MiKTeX 2.9\tex\generic\xypic\xycmtip.tex"
 Xy-pic option: Computer Modern tip extension v.3.7
("C:\MiKTeX 2.9\tex\generic\xypic\xytips.tex"
 Xy-pic option: More Tips extension v.3.11 loaded) loaded)
("C:\MiKTeX 2.9\tex\generic\xypic\xyline.tex"
 Xy-pic option: Line styles extension v.3.10
Normal \dimen register pool exhausted, switching to extended pool.
\xylinethick@=\dimen256
 loaded)
("C:\MiKTeX 2.9\tex\generic\xypic\xyrotate.tex"
 Xy-pic option: Rotate and Scale extension v.3.8 loaded)
("C:\MiKTeX 2.9\tex\generic\xypic\xycolor.tex"
 Xy-pic option: Colour extension v.3.11 loaded)
("C:\MiKTeX 2.9\tex\generic\xypic\xymatrix.tex"
 Xy-pic option: Matrix feature v.3.14
\Row=\count158
\Col=\count159
\queue@=\toks39
\queue@@=\toks40
\qcount@=\count160
\qcount@@=\count161
\matrixsize@=\count162
 loaded)
("C:\MiKTeX 2.9\tex\generic\xypic\xyarrow.tex"
 Xy-pic option: Arrow and Path feature v.3.9 path, \ar, loaded)
("C:\MiKTeX 2.9\tex\generic\xypic\xygraph.tex"
 Xy-pic option: Graph feature v.3.11 loaded) loaded)
("C:\MiKTeX 2.9\tex\generic\xypic\xypdf.tex"  Xy-pic option: PDF driver v.1.7
Xy-pic pdf driver: `color' extension support
("C:\MiKTeX 2.9\tex\generic\xypic\xypdf-co.tex" loaded)
Xy-pic pdf driver: `curve' extension support
("C:\MiKTeX 2.9\tex\generic\xypic\xypdf-cu.tex" loaded)
Xy-pic pdf driver: `frame' extension support
("C:\MiKTeX 2.9\tex\generic\xypic\xypdf-fr.tex" loaded)
Xy-pic pdf driver: `line' extension support
("C:\MiKTeX 2.9\tex\generic\xypic\xypdf-li.tex" loaded)
Xy-pic pdf driver: `rotate' extension support
("C:\MiKTeX 2.9\tex\generic\xypic\xypdf-ro.tex" loaded) loaded))
("C:\MiKTeX 2.9\tex\latex\oberdiek\epstopdf.sty"
Package: epstopdf 2010/02/09 v2.5 Conversion with epstopdf on the fly (HO)

("C:\MiKTeX 2.9\tex\latex\oberdiek\epstopdf-base.sty"
Package: epstopdf-base 2010/02/09 v2.5 Base part for package epstopdf

("C:\MiKTeX 2.9\tex\latex\oberdiek\grfext.sty"
Package: grfext 2010/08/19 v1.1 Manage graphics extensions (HO)

("C:\MiKTeX 2.9\tex\generic\oberdiek\kvdefinekeys.sty"
Package: kvdefinekeys 2011/04/07 v1.3 Define keys (HO)
))
("C:\MiKTeX 2.9\tex\latex\oberdiek\kvoptions.sty"
Package: kvoptions 2011/06/30 v3.11 Key value format for package options (HO)

("C:\MiKTeX 2.9\tex\generic\oberdiek\kvsetkeys.sty"
Package: kvsetkeys 2012/04/25 v1.16 Key value parser (HO)

("C:\MiKTeX 2.9\tex\generic\oberdiek\etexcmds.sty"
Package: etexcmds 2011/02/16 v1.5 Avoid name clashes with e-TeX commands (HO)

("C:\MiKTeX 2.9\tex\generic\oberdiek\ifluatex.sty"
Package: ifluatex 2010/03/01 v1.3 Provides the ifluatex switch (HO)
Package ifluatex Info: LuaTeX not detected.
)
Package etexcmds Info: Could not find \expanded.
(etexcmds)             That can mean that you are not using pdfTeX 1.50 or
(etexcmds)             that some package has redefined \expanded.
(etexcmds)             In the latter case, load this package earlier.
)))
("C:\MiKTeX 2.9\tex\generic\oberdiek\pdftexcmds.sty"
Package: pdftexcmds 2011/11/29 v0.20 Utility functions of pdfTeX for LuaTeX (HO
)
Package pdftexcmds Info: LuaTeX not detected.
Package pdftexcmds Info: \pdf@primitive is available.
Package pdftexcmds Info: \pdf@ifprimitive is available.
Package pdftexcmds Info: \pdfdraftmode found.
)
Package grfext Info: Graphics extension search list:
(grfext)             [.png,.pdf,.jpg,.mps,.jpeg,.jbig2,.jb2,.PNG,.PDF,.JPG,.JPE
G,.JBIG2,.JB2,.eps]
(grfext)             \AppendGraphicsExtensions on input line 452.
))
\c@thm=\count163

("C:\MiKTeX 2.9\tex\latex\setspace\setspace.sty"
Package: setspace 2011/12/19 v6.7a set line spacing
)
("C:\Users\Joseph\Documents\Math 336\Term Paper\Term Paper.aux")
LaTeX Font Info:    Checking defaults for OML/cmm/m/it on input line 94.
LaTeX Font Info:    ... okay on input line 94.
LaTeX Font Info:    Checking defaults for T1/cmr/m/n on input line 94.
LaTeX Font Info:    ... okay on input line 94.
LaTeX Font Info:    Checking defaults for OT1/cmr/m/n on input line 94.
LaTeX Font Info:    ... okay on input line 94.
LaTeX Font Info:    Checking defaults for OMS/cmsy/m/n on input line 94.
LaTeX Font Info:    ... okay on input line 94.
LaTeX Font Info:    Checking defaults for OMX/cmex/m/n on input line 94.
LaTeX Font Info:    ... okay on input line 94.
LaTeX Font Info:    Checking defaults for U/cmr/m/n on input line 94.
LaTeX Font Info:    ... okay on input line 94.

("C:\MiKTeX 2.9\tex\latex\beamer\base\translator\dicts\translator-basic-diction
ary\translator-basic-dictionary-English.dict"
Dictionary: translator-basic-dictionary, Language: English 
)
("C:\MiKTeX 2.9\tex\latex\siunitx\config\siunitx-abbreviations.cfg"
File: siunitx-abbreviations.cfg 2013/07/31 v2.5s siunitx: Abbreviated units
)
("C:\MiKTeX 2.9\tex\context\base\supp-pdf.mkii"
[Loading MPS to PDF converter (version 2006.09.02).]
\scratchcounter=\count164
\scratchdimen=\dimen257
\scratchbox=\box57
\nofMPsegments=\count165
\nofMParguments=\count166
\everyMPshowfont=\toks41
\MPscratchCnt=\count167
\MPscratchDim=\dimen258
\MPnumerator=\count168
\makeMPintoPDFobject=\count169
\everyMPtoPDFconversion=\toks42
)
*geometry* driver: auto-detecting
*geometry* detected driver: pdftex
*geometry* verbose mode - [ preamble ] result:
* driver: pdftex
* paper: letterpaper
* layout: <same size as paper>
* layoutoffset:(h,v)=(0.0pt,0.0pt)
* modes: 
* h-part:(L,W,R)=(92.14519pt, 430.00462pt, 92.14519pt)
* v-part:(T,H,B)=(95.39737pt, 556.47656pt, 143.09605pt)
* \paperwidth=614.295pt
* \paperheight=794.96999pt
* \textwidth=430.00462pt
* \textheight=556.47656pt
* \oddsidemargin=19.8752pt
* \evensidemargin=19.8752pt
* \topmargin=-13.87262pt
* \headheight=12.0pt
* \headsep=25.0pt
* \topskip=10.0pt
* \footskip=30.0pt
* \marginparwidth=65.0pt
* \marginparsep=11.0pt
* \columnsep=10.0pt
* \skip\footins=9.0pt plus 4.0pt minus 2.0pt
* \hoffset=0.0pt
* \voffset=0.0pt
* \mag=1000
* \@twocolumnfalse
* \@twosidefalse
* \@mparswitchfalse
* \@reversemarginfalse
* (1in=72.27pt=25.4mm, 1cm=28.453pt)

LaTeX Font Info:    Try loading font information for U+msa on input line 94.
("C:\MiKTeX 2.9\tex\latex\amsfonts\umsa.fd"
File: umsa.fd 2013/01/14 v3.01 AMS symbols A
)
LaTeX Font Info:    Try loading font information for U+msb on input line 94.

("C:\MiKTeX 2.9\tex\latex\amsfonts\umsb.fd"
File: umsb.fd 2013/01/14 v3.01 AMS symbols B
)
LaTeX Font Info:    Try loading font information for U+wasy on input line 94.

("C:\MiKTeX 2.9\tex\latex\wasysym\uwasy.fd"
File: uwasy.fd 2003/10/30 v2.0 Wasy-2 symbol font definitions
)
Package xypdf Info: Line width: 0.39998pt on input line 94.
\c__siunitx_mathsf_int=\count170
\c__siunitx_mathtt_int=\count171
 [1

{C:/ProgramData/MiKTeX/2.9/pdftex/config/pdftex.map}]
LaTeX Font Info:    Try loading font information for T1+cmtt on input line 122.

 ("C:\MiKTeX 2.9\tex\latex\base\t1cmtt.fd"
File: t1cmtt.fd 1999/05/25 v2.5h Standard LaTeX font definitions
)
<CoolenProof.jpg, id=11, 443.85825pt x 317.988pt>
File: CoolenProof.jpg Graphic file (type jpg)
 <use CoolenProof.jpg>
Package pdftex.def Info: CoolenProof.jpg used on input line 126.
(pdftex.def)             Requested size: 443.85715pt x 317.98721pt.

Overfull \hbox (13.85252pt too wide) in paragraph at lines 126--127
 [][] 
 []


LaTeX Warning: `h' float specifier changed to `ht'.

[2] [3 <C:/Users/Joseph/Documents/Math 336/Term Paper/CoolenProof.jpg>]
<CoolenPerceptron.jpg, id=25, 446.26724pt x 189.70876pt>
File: CoolenPerceptron.jpg Graphic file (type jpg)

<use CoolenPerceptron.jpg>
Package pdftex.def Info: CoolenPerceptron.jpg used on input line 143.
(pdftex.def)             Requested size: 312.38493pt x 132.79521pt.


LaTeX Font Warning: Font shape `U/wasy/b/n' in size <7> not available
(Font)              Font shape `U/wasy/m/n' tried instead on input line 163.


LaTeX Font Warning: Font shape `U/wasy/b/n' in size <5> not available
(Font)              Font shape `U/wasy/m/n' tried instead on input line 163.

[4 <C:/Users/Joseph/Documents/Math 336/Term Paper/CoolenPerceptron.jpg>]
<CoolenXORtable.jpg, id=32, 234.8775pt x 86.12175pt>
File: CoolenXORtable.jpg Graphic file (type jpg)
 <use CoolenXORtable.jpg>
Package pdftex.def Info: CoolenXORtable.jpg used on input line 197.
(pdftex.def)             Requested size: 234.87692pt x 86.12154pt.

[5 <C:/Users/Joseph/Documents/Math 336/Term Paper/CoolenXORtable.jpg>] [6]
[7] <rosenbrock.jpg, id=49, 493.3632pt x 370.0224pt>
File: rosenbrock.jpg Graphic file (type jpg)
 <use rosenbrock.jpg>
Package pdftex.def Info: rosenbrock.jpg used on input line 278.
(pdftex.def)             Requested size: 123.3405pt x 92.50537pt.

[8 <C:/Users/Joseph/Documents/Math 336/Term Paper/rosenbrock.jpg>] [9] [10]
[11] [12] ("C:\Users\Joseph\Documents\Math 336\Term Paper\Term Paper.aux") ) 
Here is how much of TeX's memory you used:
 14358 strings out of 493921
 267699 string characters out of 3147279
 335250 words of memory out of 3000000
 17350 multiletter control sequences out of 15000+200000
 32593 words of font info for 97 fonts, out of 3000000 for 9000
 841 hyphenation exceptions out of 8191
 42i,9n,35p,10422b,500s stack positions out of 5000i,500n,10000p,200000b,50000s
{C:
/MiKTeX 2.9/fonts/enc/dvips/cm-super/cm-super-t1.enc}<C:/MiKTeX 2.9/fonts/type1
/public/amsfonts/cm/cmbx7.pfb><C:/MiKTeX 2.9/fonts/type1/public/amsfonts/cm/cme
x10.pfb><C:/MiKTeX 2.9/fonts/type1/public/amsfonts/cm/cmmi10.pfb><C:/MiKTeX 2.9
/fonts/type1/public/amsfonts/cm/cmmi5.pfb><C:/MiKTeX 2.9/fonts/type1/public/ams
fonts/cm/cmmi7.pfb><C:/MiKTeX 2.9/fonts/type1/public/amsfonts/cm/cmmib10.pfb><C
:/MiKTeX 2.9/fonts/type1/public/amsfonts/cmextra/cmmib7.pfb><C:/MiKTeX 2.9/font
s/type1/public/amsfonts/cm/cmr10.pfb><C:/MiKTeX 2.9/fonts/type1/public/amsfonts
/cm/cmr5.pfb><C:/MiKTeX 2.9/fonts/type1/public/amsfonts/cm/cmr7.pfb><C:/MiKTeX 
2.9/fonts/type1/public/amsfonts/cm/cmsy10.pfb><C:/MiKTeX 2.9/fonts/type1/public
/amsfonts/cm/cmsy5.pfb><C:/MiKTeX 2.9/fonts/type1/public/amsfonts/cm/cmsy7.pfb>
<C:/MiKTeX 2.9/fonts/type1/public/amsfonts/symbols/msbm10.pfb><C:/MiKTeX 2.9/fo
nts/type1/public/cm-super/sfbx0900.pfb><C:/MiKTeX 2.9/fonts/type1/public/cm-sup
er/sfbx1000.pfb><C:/MiKTeX 2.9/fonts/type1/public/cm-super/sfbx1200.pfb><C:/MiK
TeX 2.9/fonts/type1/public/cm-super/sfbx1440.pfb><C:/MiKTeX 2.9/fonts/type1/pub
lic/cm-super/sfrm0600.pfb><C:/MiKTeX 2.9/fonts/type1/public/cm-super/sfrm0700.p
fb><C:/MiKTeX 2.9/fonts/type1/public/cm-super/sfrm0800.pfb><C:/MiKTeX 2.9/fonts
/type1/public/cm-super/sfrm0900.pfb><C:/MiKTeX 2.9/fonts/type1/public/cm-super/
sfrm1000.pfb><C:/MiKTeX 2.9/fonts/type1/public/cm-super/sfrm1200.pfb><C:/MiKTeX
 2.9/fonts/type1/public/cm-super/sfrm1728.pfb><C:/MiKTeX 2.9/fonts/type1/public
/cm-super/sfti1000.pfb><C:/MiKTeX 2.9/fonts/type1/public/cm-super/sftt1000.pfb>

Output written on "Term Paper.pdf" (12 pages, 551932 bytes).
PDF statistics:
 154 PDF objects out of 1000 (max. 8388607)
 0 named destinations out of 1000 (max. 500000)
 21 words of extra memory for PDF output out of 10000 (max. 10000000)

